mode: set
be12/deploy/features/users/services/logic.go:14.59,19.2 1 1
be12/deploy/features/users/services/logic.go:21.64,28.16 2 1
be12/deploy/features/users/services/logic.go:32.2,32.15 1 1
be12/deploy/features/users/services/logic.go:28.16,30.3 1 1
be12/deploy/features/users/services/logic.go:36.82,39.28 2 1
be12/deploy/features/users/services/logic.go:43.2,43.15 1 1
be12/deploy/features/users/services/logic.go:39.28,41.3 1 1
be12/deploy/features/users/services/logic.go:46.72,49.16 2 1
be12/deploy/features/users/services/logic.go:53.2,53.20 1 1
be12/deploy/features/users/services/logic.go:49.16,51.3 1 1
be12/deploy/features/users/services/logic.go:57.72,59.81 1 1
be12/deploy/features/users/services/logic.go:59.81,64.29 5 1
be12/deploy/features/users/services/logic.go:64.29,66.4 1 1
be12/deploy/features/users/services/logic.go:66.9,68.4 1 1
be12/deploy/features/users/services/logic.go:69.8,71.3 1 1
be12/deploy/features/users/services/logic.go:75.64,78.16 2 1
be12/deploy/features/users/services/logic.go:78.16,80.3 1 1
be12/deploy/features/users/services/logic.go:80.8,80.30 1 1
be12/deploy/features/users/services/logic.go:80.30,82.3 1 1
be12/deploy/features/users/services/logic.go:82.8,84.3 1 1
